[2019-09-12 06:05:10 -0500] [2172] [INFO] Starting gunicorn 19.9.0
[2019-09-12 06:05:10 -0500] [2172] [INFO] Listening at: http://0.0.0.0:5000 (2172)
[2019-09-12 06:05:10 -0500] [2172] [INFO] Using worker: sync
[2019-09-12 06:05:10 -0500] [2175] [INFO] Booting worker with pid: 2175
[2019-09-12 06:05:10 -0500] [2176] [INFO] Booting worker with pid: 2176
[2019-09-12 06:33:31 -0500] [2172] [INFO] Handling signal: int
[2019-09-12 06:33:31 -0500] [2175] [INFO] Worker exiting (pid: 2175)
[2019-09-12 06:33:31 -0500] [2176] [INFO] Worker exiting (pid: 2176)
[2019-09-12 06:33:32 -0500] [2172] [INFO] Shutting down: Master
[2019-09-12 06:33:36 -0500] [2545] [INFO] Starting gunicorn 19.9.0
[2019-09-12 06:33:36 -0500] [2545] [INFO] Listening at: http://0.0.0.0:5000 (2545)
[2019-09-12 06:33:36 -0500] [2545] [INFO] Using worker: sync
[2019-09-12 06:33:36 -0500] [2548] [INFO] Booting worker with pid: 2548
[2019-09-12 06:33:36 -0500] [2549] [INFO] Booting worker with pid: 2549
[2019-09-12 06:36:21 -0500] [2545] [INFO] Handling signal: int
[2019-09-12 06:36:22 -0500] [2548] [INFO] Worker exiting (pid: 2548)
[2019-09-12 06:36:22 -0500] [2549] [INFO] Worker exiting (pid: 2549)
[2019-09-12 06:36:22 -0500] [2545] [INFO] Shutting down: Master
[2019-09-12 06:36:23 -0500] [2570] [INFO] Starting gunicorn 19.9.0
[2019-09-12 06:36:23 -0500] [2570] [INFO] Listening at: http://0.0.0.0:5000 (2570)
[2019-09-12 06:36:23 -0500] [2570] [INFO] Using worker: sync
[2019-09-12 06:36:23 -0500] [2573] [INFO] Booting worker with pid: 2573
[2019-09-12 06:36:24 -0500] [2574] [INFO] Booting worker with pid: 2574
[2019-09-12 06:37:16 -0500] [2570] [INFO] Handling signal: int
[2019-09-12 06:37:16 -0500] [2573] [INFO] Worker exiting (pid: 2573)
[2019-09-12 06:37:16 -0500] [2574] [INFO] Worker exiting (pid: 2574)
[2019-09-12 06:37:17 -0500] [2570] [INFO] Shutting down: Master
[2019-09-12 06:37:52 -0500] [2591] [INFO] Starting gunicorn 19.9.0
[2019-09-12 06:37:52 -0500] [2591] [INFO] Listening at: http://0.0.0.0:5000 (2591)
[2019-09-12 06:37:52 -0500] [2591] [INFO] Using worker: sync
[2019-09-12 06:37:52 -0500] [2594] [INFO] Booting worker with pid: 2594
[2019-09-12 06:37:52 -0500] [2595] [INFO] Booting worker with pid: 2595
